Upgrade Tool ->2020-05-22 13:41:49,717(105-INFO): Iniciando programa de actualizacion de firmware modulo Sim7600
Upgrade Tool ->2020-05-22 13:41:49,718(111-INFO): 1. LE11B13SIM7600M22
Upgrade Tool ->2020-05-22 13:41:49,718(111-INFO): 2. LE11B12SIM7600M22
Upgrade Tool ->2020-05-22 13:42:24,363(105-INFO): Iniciando programa de actualizacion de firmware modulo Sim7600
Upgrade Tool ->2020-05-22 13:42:24,363(110-INFO): More than one firmware folder available!
Upgrade Tool ->2020-05-22 13:42:24,364(112-INFO): 	1. LE11B13SIM7600M22
Upgrade Tool ->2020-05-22 13:42:24,364(112-INFO): 	2. LE11B12SIM7600M22
Upgrade Tool ->2020-05-22 13:42:31,970(117-INFO): Wrong index. It's not that hard... Exiting!
Upgrade Tool ->2020-05-22 13:43:15,001(105-INFO): Iniciando programa de actualizacion de firmware modulo Sim7600
Upgrade Tool ->2020-05-22 13:43:15,002(110-INFO): More than one firmware folder available!
Upgrade Tool ->2020-05-22 13:43:15,003(112-INFO): 	1. LE11B13SIM7600M22
Upgrade Tool ->2020-05-22 13:43:15,006(112-INFO): 	2. LE11B12SIM7600M22
Upgrade Tool ->2020-05-22 13:43:15,733(117-INFO): Wrong index. It's not that hard... Exiting!
Upgrade Tool ->2020-05-22 13:43:51,479(105-INFO): Iniciando programa de actualizacion de firmware modulo Sim7600
Upgrade Tool ->2020-05-22 13:43:51,480(110-INFO): More than one firmware folder available!
Upgrade Tool ->2020-05-22 13:43:51,482(112-INFO): 	1. LE11B13SIM7600M22
Upgrade Tool ->2020-05-22 13:43:51,484(112-INFO): 	2. LE11B12SIM7600M22
Upgrade Tool ->2020-05-22 13:43:52,775(118-INFO): Wrong index. It's not that hard... Exiting!
Upgrade Tool ->2020-05-22 13:44:26,439(106-INFO): Iniciando programa de actualizacion de firmware modulo Sim7600
Upgrade Tool ->2020-05-22 13:44:26,440(111-INFO): More than one firmware folder available!
Upgrade Tool ->2020-05-22 13:44:26,441(113-INFO): 	1. LE11B13SIM7600M22
Upgrade Tool ->2020-05-22 13:44:26,443(113-INFO): 	2. LE11B12SIM7600M22
Upgrade Tool ->2020-05-22 13:44:27,770(119-INFO): Wrong index. It's not that hard... Exiting!
Upgrade Tool ->2020-05-22 13:44:30,463(106-INFO): Iniciando programa de actualizacion de firmware modulo Sim7600
Upgrade Tool ->2020-05-22 13:44:30,464(111-INFO): More than one firmware folder available!
Upgrade Tool ->2020-05-22 13:44:30,466(113-INFO): 	1. LE11B13SIM7600M22
Upgrade Tool ->2020-05-22 13:44:30,467(113-INFO): 	2. LE11B12SIM7600M22
Upgrade Tool ->2020-05-22 13:44:38,698(122-INFO): Firmware a instalar: LE11B13SIM7600M22
Upgrade Tool ->2020-05-22 13:44:40,700(125-INFO): Buscando puertos...
